android/app/build/intermediates/manifest_merge_blame_file/release/manifest-merger-blame-release-report.txt
1<?xml version="1.0" encoding="utf-8"?>
2<manifest xmlns:android="http://schemas.android.com/apk/res/android"
3    package="com.detox.rn.example"
4    android:versionCode="1"
5    android:versionName="1.0" >
6
7    <uses-sdk
8        android:minSdkVersion="21"
9        android:targetSdkVersion="34" />
10
11    <uses-permission android:name="android.permission.INTERNET" />
11-->src/main/AndroidManifest.xml:7:5-67
11-->src/main/AndroidManifest.xml:7:22-64
12    <uses-permission android:name="android.permission.SYSTEM_ALERT_WINDOW" />
12-->src/main/AndroidManifest.xml:8:5-77
12-->src/main/AndroidManifest.xml:8:22-75
13
14    <permission
14-->[androidx.core:core:1.9.0] AndroidManifest.xml:22:5-24:47
15        android:name="com.detox.rn.example.DYNAMIC_RECEIVER_NOT_EXPORTED_PERMISSION"
15-->[androidx.core:core:1.9.0] AndroidManifest.xml:23:9-81
16        android:protectionLevel="signature" />
16-->[androidx.core:core:1.9.0] AndroidManifest.xml:24:9-44
17
18    <uses-permission android:name="com.detox.rn.example.DYNAMIC_RECEIVER_NOT_EXPORTED_PERMISSION" />
18-->[androidx.core:core:1.9.0] AndroidManifest.xml:26:5-97
18-->[androidx.core:core:1.9.0] AndroidManifest.xml:26:22-94
19
20    <application
20-->src/main/AndroidManifest.xml:10:5-29:19
21        android:name="com.example.MainApplication"
21-->src/main/AndroidManifest.xml:11:7-38
22        android:allowBackup="true"
22-->src/main/AndroidManifest.xml:12:7-33
23        android:appComponentFactory="androidx.core.app.CoreComponentFactory"
23-->[androidx.core:core:1.9.0] AndroidManifest.xml:28:18-86
24        android:extractNativeLibs="true"
25        android:icon="@mipmap/ic_launcher"
25-->src/main/AndroidManifest.xml:14:7-41
26        android:label="@string/app_name"
26-->src/main/AndroidManifest.xml:13:7-39
27        android:networkSecurityConfig="@xml/network_security_config"
27-->src/main/AndroidManifest.xml:16:7-67
28        android:theme="@style/AppTheme" >
28-->src/main/AndroidManifest.xml:15:7-38
29        <activity
29-->src/main/AndroidManifest.xml:18:7-27:18
30            android:name="com.example.MainActivity"
30-->src/main/AndroidManifest.xml:19:9-37
31            android:configChanges="keyboard|keyboardHidden|orientation|screenLayout|screenSize|smallestScreenSize|uiMode"
31-->src/main/AndroidManifest.xml:22:9-118
32            android:exported="true"
32-->src/main/AndroidManifest.xml:21:9-32
33            android:label="@string/app_name" >
33-->src/main/AndroidManifest.xml:20:9-41
34            <intent-filter>
34-->src/main/AndroidManifest.xml:23:9-26:25
35                <action android:name="android.intent.action.MAIN" />
35-->src/main/AndroidManifest.xml:24:13-65
35-->src/main/AndroidManifest.xml:24:21-62
36
37                <category android:name="android.intent.category.LAUNCHER" />
37-->src/main/AndroidManifest.xml:25:13-73
37-->src/main/AndroidManifest.xml:25:23-70
38            </intent-filter>
39        </activity>
40        <activity android:name="com.facebook.react.devsupport.DevSettingsActivity" />
40-->src/main/AndroidManifest.xml:28:7-84
40-->src/main/AndroidManifest.xml:28:17-81
41
42        <provider
42-->[androidx.emoji2:emoji2:1.2.0] AndroidManifest.xml:24:9-32:20
43            android:name="androidx.startup.InitializationProvider"
43-->[androidx.emoji2:emoji2:1.2.0] AndroidManifest.xml:25:13-67
44            android:authorities="com.detox.rn.example.androidx-startup"
44-->[androidx.emoji2:emoji2:1.2.0] AndroidManifest.xml:26:13-68
45            android:exported="false" >
45-->[androidx.emoji2:emoji2:1.2.0] AndroidManifest.xml:27:13-37
46            <meta-data
46-->[androidx.emoji2:emoji2:1.2.0] AndroidManifest.xml:29:13-31:52
47                android:name="androidx.emoji2.text.EmojiCompatInitializer"
47-->[androidx.emoji2:emoji2:1.2.0] AndroidManifest.xml:30:17-75
48                android:value="androidx.startup" />
48-->[androidx.emoji2:emoji2:1.2.0] AndroidManifest.xml:31:17-49
49            <meta-data
49-->[androidx.lifecycle:lifecycle-process:2.4.1] AndroidManifest.xml:31:13-33:52
50                android:name="androidx.lifecycle.ProcessLifecycleInitializer"
50-->[androidx.lifecycle:lifecycle-process:2.4.1] AndroidManifest.xml:32:17-78
51                android:value="androidx.startup" />
51-->[androidx.lifecycle:lifecycle-process:2.4.1] AndroidManifest.xml:33:17-49
52        </provider>
53
54        <meta-data
54-->[com.facebook.soloader:soloader:0.10.5] AndroidManifest.xml:12:9-14:37
55            android:name="com.facebook.soloader.enabled"
55-->[com.facebook.soloader:soloader:0.10.5] AndroidManifest.xml:13:13-57
56            android:value="false" />
56-->[com.facebook.soloader:soloader:0.10.5] AndroidManifest.xml:14:13-34
57    </application>
58
59</manifest>